  imgui.cpp
  imgui_demo.cpp
  imgui_draw.cpp
  imgui_impl_glfw.cpp
  imgui_impl_opengl3.cpp
  imgui_tables.cpp
  imgui_widgets.cpp
  camera.cpp
  defineRubik.cpp
C:\Users\MY MSI\Desktop\cuborubik_dstructure-main\code\Rubik\JuegoRubik\defineRubik.cpp(1097,13): warning C4244: 'argumento': conversión de 'time_t' a 'unsigned int'; posible pérdida de datos
  main.cpp
C:\Program Files (x86)\Windows Kits\10\Include\10.0.22621.0\shared\minwindef.h(130,9): warning C4005: 'APIENTRY': redefinición de macro
  (compilando archivo de origen "main.cpp")
      C:\Users\MY MSI\Desktop\cuborubik_dstructure-main\code\Rubik\Linking\include\glad\glad.h(32,9):
      vea la definición anterior de “APIENTRY”
  
C:\Users\MY MSI\Desktop\cuborubik_dstructure-main\code\Rubik\JuegoRubik\main.cpp(195,28): warning C4244: 'inicializando': conversión de 'double' a 'float'; posible pérdida de datos
C:\Users\MY MSI\Desktop\cuborubik_dstructure-main\code\Rubik\JuegoRubik\main.cpp(332,17): warning C4244: '=': conversión de 'double' a 'float'; posible pérdida de datos
C:\Users\MY MSI\Desktop\cuborubik_dstructure-main\code\Rubik\JuegoRubik\main.cpp(333,17): warning C4244: '=': conversión de 'double' a 'float'; posible pérdida de datos
C:\Users\MY MSI\Desktop\cuborubik_dstructure-main\code\Rubik\JuegoRubik\main.cpp(338,19): warning C4244: 'inicializando': conversión de 'double' a 'float'; posible pérdida de datos
C:\Users\MY MSI\Desktop\cuborubik_dstructure-main\code\Rubik\JuegoRubik\main.cpp(339,19): warning C4244: 'inicializando': conversión de 'double' a 'float'; posible pérdida de datos
C:\Users\MY MSI\Desktop\cuborubik_dstructure-main\code\Rubik\JuegoRubik\main.cpp(341,13): warning C4244: '=': conversión de 'double' a 'float'; posible pérdida de datos
C:\Users\MY MSI\Desktop\cuborubik_dstructure-main\code\Rubik\JuegoRubik\main.cpp(342,13): warning C4244: '=': conversión de 'double' a 'float'; posible pérdida de datos
C:\Users\MY MSI\Desktop\cuborubik_dstructure-main\code\Rubik\JuegoRubik\main.cpp(350,31): warning C4244: 'argumento': conversión de 'double' a 'float'; posible pérdida de datos
  RubikCube.cpp
C:\Program Files (x86)\Windows Kits\10\Include\10.0.22621.0\shared\minwindef.h(130,9): warning C4005: 'APIENTRY': redefinición de macro
  (compilando archivo de origen "RubikCube.cpp")
      C:\Users\MY MSI\Desktop\cuborubik_dstructure-main\code\Rubik\Linking\include\glad\glad.h(32,9):
      vea la definición anterior de “APIENTRY”
  
C:\Users\MY MSI\Desktop\cuborubik_dstructure-main\code\Rubik\JuegoRubik\RubikCube.cpp(3,20): warning C4305: 'inicializando': truncamiento de 'double' a 'float'
C:\Users\MY MSI\Desktop\cuborubik_dstructure-main\code\Rubik\JuegoRubik\RubikCube.cpp(16,50): warning C4305: 'argumento': truncamiento de 'double' a 'float'
C:\Users\MY MSI\Desktop\cuborubik_dstructure-main\code\Rubik\JuegoRubik\RubikCube.cpp(16,43): warning C4305: 'argumento': truncamiento de 'double' a 'float'
C:\Users\MY MSI\Desktop\cuborubik_dstructure-main\code\Rubik\JuegoRubik\RubikCube.cpp(16,36): warning C4305: 'argumento': truncamiento de 'double' a 'float'
C:\Users\MY MSI\Desktop\cuborubik_dstructure-main\code\Rubik\JuegoRubik\RubikCube.cpp(319,64): warning C4244: 'argumento': conversión de 'double' a 'float'; posible pérdida de datos
  shader.cpp
  Generando código...
  glad.c
  LINK : no se encontró C:\Users\MY MSI\Desktop\cuborubik_dstructure-main\code\Rubik\x64\Debug\JuegoRubik.exe o no lo generó el último vínculo incremental; ejecutando vínculo completo
LINK : warning LNK4098: la biblioteca predeterminada'MSVCRT' entra en conflicto con otras bibliotecas; use la biblioteca /NODEFAULTLIB:biblioteca
  JuegoRubik.vcxproj -> C:\Users\MY MSI\Desktop\cuborubik_dstructure-main\code\Rubik\x64\Debug\JuegoRubik.exe
